<?xml version="1.0" encoding="UTF-8"?>
<!-- Generated by org.testng.reporters.JUnitXMLReporter -->
<testsuite ignored="0" hostname="AshrafAnsari" failures="0" tests="10" name="Test" time="151.355" errors="0" timestamp="2025-07-30T13:45:58 IST">
  <testcase classname="AutomationTesting.AutomationTesting.NewTest" name="f" time="0.035"/>
  <testcase classname="AutomationTesting.AutomationTesting.contentblock" name="validtestLogin" time="23.375"/>
  <testcase classname="AutomationTesting.AutomationTesting.verifyFooterLinks" name="loginToSite" time="24.975"/>
  <testcase classname="AutomationTesting.AutomationTesting.verifyFooterLinks" name="clickAllFooterLinks" time="15.035"/>
  <testcase classname="AutomationTesting.AutomationTesting.verifyMyProfileSection" name="loginToSite" time="25.505"/>
  <testcase classname="AutomationTesting.AutomationTesting.verifyMyProfileSection" name="verifyMyProfileSection1" time="10.595"/>
  <testcase classname="AutomationTesting.AutomationTesting.verifyMyProfileSection" name="hoverOverProfileImage" time="4.547"/>
  <testcase classname="AutomationTesting.AutomationTesting.verifyMyProfileSection" name="clickSignOut" time="1.308"/>
  <testcase classname="AutomationTesting.AutomationTesting.PdpSearching" name="validTestLogin" time="25.339"/>
  <testcase classname="AutomationTesting.AutomationTesting.PdpSearching" name="searchingPdp" time="3.942"/>
</testsuite> <!-- Test -->
